<?xml version="1.0" encoding="UTF-8"?>
<robot generator="Robot 7.2.2 (Python 3.13.2 on win32)" generated="2025-03-14T14:17:52.979650" rpa="false" schemaversion="5">
<suite id="s1" name="Calculator Test" source="c:\Users\Administrateur\OneDrive - M2I\Bureau\appium\Tests\calculator_test.robot">
<test id="s1-t1" name="Test" line="9">
<kw name="Given Open Calculator" owner="keywords">
<kw name="Open Application" owner="AppiumLibrary">
<arg>${REMOTE_URL}</arg>
<arg>platformName=${PLATFORM_NAME}</arg>
<arg>platformVersion=${PLATFORM_VERSION}</arg>
<arg>deviceName=${DEVICE_NAME}</arg>
<arg>appPackage=${APP_PACKAGE}</arg>
<arg>appActivity=${APP_ACTIVITY}</arg>
<arg>automationName=${AUTOMATION_NAME}</arg>
<doc>Opens a new application to given Appium server.
Capabilities of appium server, Android and iOS,
Please check https://appium.io/docs/en/2.1/cli/args/
| *Option*            | *Man.* | *Description*     |
| remote_url          | Yes    | Appium server url |
| alias               | no     | alias             |
| strict_ssl          | No     | allows you to send commands to an invalid certificate host like a self-signed one. |</doc>
<status status="PASS" start="2025-03-14T14:17:53.155287" elapsed="6.332764"/>
</kw>
<status status="PASS" start="2025-03-14T14:17:53.154637" elapsed="6.333648"/>
</kw>
<kw name="Open Calculator" owner="keywords">
<kw name="Open Application" owner="AppiumLibrary">
<arg>${REMOTE_URL}</arg>
<arg>platformName=${PLATFORM_NAME}</arg>
<arg>platformVersion=${PLATFORM_VERSION}</arg>
<arg>deviceName=${DEVICE_NAME}</arg>
<arg>appPackage=${APP_PACKAGE}</arg>
<arg>appActivity=${APP_ACTIVITY}</arg>
<arg>automationName=${AUTOMATION_NAME}</arg>
<doc>Opens a new application to given Appium server.
Capabilities of appium server, Android and iOS,
Please check https://appium.io/docs/en/2.1/cli/args/
| *Option*            | *Man.* | *Description*     |
| remote_url          | Yes    | Appium server url |
| alias               | no     | alias             |
| strict_ssl          | No     | allows you to send commands to an invalid certificate host like a self-signed one. |</doc>
<status status="PASS" start="2025-03-14T14:17:59.489171" elapsed="5.179988"/>
</kw>
<status status="PASS" start="2025-03-14T14:17:59.488824" elapsed="5.180524"/>
</kw>
<kw name="When I click addition" owner="keywords">
<kw name="Sleep" owner="BuiltIn">
<msg time="2025-03-14T14:18:07.670619" level="INFO">Slept 3 seconds.</msg>
<arg>3</arg>
<doc>Pauses the test executed for the given time.</doc>
<status status="PASS" start="2025-03-14T14:18:04.670220" elapsed="3.003590"/>
</kw>
<kw name="Click Element" owner="AppiumLibrary">
<msg time="2025-03-14T14:18:07.675489" level="INFO">Clicking element 'id=com.google.android.calculator:id/digit_9'.</msg>
<msg time="2025-03-14T14:18:08.341000" level="INFO">criteria is com.google.android.calculator:id/digit_9</msg>
<arg>id=com.google.android.calculator:id/digit_9</arg>
<doc>Click element identified by `locator`.</doc>
<status status="PASS" start="2025-03-14T14:18:07.674098" elapsed="0.667078"/>
</kw>
<kw name="Click Element" owner="AppiumLibrary">
<msg time="2025-03-14T14:18:08.342055" level="INFO">Clicking element 'id=com.google.android.calculator:id/op_add'.</msg>
<msg time="2025-03-14T14:18:08.940124" level="INFO">criteria is com.google.android.calculator:id/op_add</msg>
<arg>id=com.google.android.calculator:id/op_add</arg>
<doc>Click element identified by `locator`.</doc>
<status status="PASS" start="2025-03-14T14:18:08.341320" elapsed="0.599031"/>
</kw>
<kw name="Click Element" owner="AppiumLibrary">
<msg time="2025-03-14T14:18:08.941207" level="INFO">Clicking element 'id=com.google.android.calculator:id/digit_1'.</msg>
<msg time="2025-03-14T14:18:09.542478" level="INFO">criteria is com.google.android.calculator:id/digit_1</msg>
<arg>id=com.google.android.calculator:id/digit_1</arg>
<doc>Click element identified by `locator`.</doc>
<status status="PASS" start="2025-03-14T14:18:08.940506" elapsed="0.602207"/>
</kw>
<status status="PASS" start="2025-03-14T14:18:04.669887" elapsed="4.872997"/>
</kw>
<kw name="Then I have resultat" owner="keywords">
<kw name="Get Text" owner="AppiumLibrary">
<msg time="2025-03-14T14:18:09.602316" level="INFO">Element 'id=com.google.android.calculator:id/result_preview' text is '10' </msg>
<msg time="2025-03-14T14:18:09.602664" level="INFO">criteria is com.google.android.calculator:id/result_preview</msg>
<msg time="2025-03-14T14:18:09.602874" level="INFO">${resultat} = 10</msg>
<var>${resultat}</var>
<arg>id=com.google.android.calculator:id/result_preview</arg>
<doc>Get element text (for hybrid and mobile browser use `xpath` locator, others might cause problem)</doc>
<status status="PASS" start="2025-03-14T14:18:09.543784" elapsed="0.059180"/>
</kw>
<kw name="Should Be Equal" owner="BuiltIn">
<arg>${resultat}</arg>
<arg>10</arg>
<doc>Fails if the given objects are unequal.</doc>
<status status="PASS" start="2025-03-14T14:18:09.603235" elapsed="0.000248"/>
</kw>
<status status="PASS" start="2025-03-14T14:18:09.543429" elapsed="0.060183"/>
</kw>
<doc>Ouvrir l'application calculatrice</doc>
<status status="PASS" start="2025-03-14T14:17:53.153841" elapsed="16.450086"/>
</test>
<status status="PASS" start="2025-03-14T14:17:52.983256" elapsed="16.621980"/>
</suite>
<statistics>
<total>
<stat pass="1" fail="0" skip="0">All Tests</stat>
</total>
<tag>
</tag>
<suite>
<stat name="Calculator Test" id="s1" pass="1" fail="0" skip="0">Calculator Test</stat>
</suite>
</statistics>
<errors>
</errors>
</robot>
